<?xml version="1.0" encoding="UTF-8"?>
<!-- Generated by org.testng.reporters.JUnitReportReporter -->
<testsuite hostname="BVAHDWS137" name="STTA.MavenProject.WebDriverTest" tests="1" failures="0" timestamp="26 May 2015 13:29:52 GMT" time="31.929" errors="0">
  <testcase name="googleSearch" time="31.929" classname="STTA.MavenProject.WebDriverTest"/>
</testsuite> <!-- STTA.MavenProject.WebDriverTest -->
