<?xml version="1.0" encoding="UTF-8"?>
<!-- Generated by org.testng.reporters.JUnitReportReporter -->
<testsuite hostname="BVAHDWS137" name="STTA.MavenProject.WebDriverTest" tests="1" failures="0" timestamp="14 May 2015 08:34:03 GMT" time="19.964" errors="0">
  <testcase name="googleSearch" time="19.964" classname="STTA.MavenProject.WebDriverTest"/>
</testsuite> <!-- STTA.MavenProject.WebDriverTest -->
